{"C:\\Users\\91938\\Downloads\\wing-and-weft-with-admin\\wing-and-weft\\src\\pages\\ContactPage.tsx": {"path":"C:\\Users\\91938\\Downloads\\wing-and-weft-with-admin\\wing-and-weft\\src\\pages\\ContactPage.tsx","statementMap":{"0":{"start":{"line":26,"column":26},"end":{"line":26,"column":null}},"1":{"start":{"line":74,"column":20},"end":{"line":241,"column":null}},"2":{"start":{"line":244,"column":14},"end":{"line":244,"column":null}},"3":{"start":{"line":261,"column":34},"end":{"line":270,"column":null}},"4":{"start":{"line":272,"column":29},"end":{"line":290,"column":null}},"5":{"start":{"line":273,"column":14},"end":{"line":275,"column":null}},"6":{"start":{"line":277,"column":2},"end":{"line":277,"column":null}},"7":{"start":{"line":277,"column":15},"end":{"line":277,"column":null}},"8":{"start":{"line":278,"column":49},"end":{"line":278,"column":65}},"9":{"start":{"line":279,"column":38},"end":{"line":279,"column":40}},"10":{"start":{"line":280,"column":2},"end":{"line":280,"column":null}},"11":{"start":{"line":280,"column":22},"end":{"line":280,"column":68}},"12":{"start":{"line":280,"column":44},"end":{"line":280,"column":68}},"13":{"start":{"line":281,"column":2},"end":{"line":290,"column":null}},"14":{"start":{"line":293,"column":20},"end":{"line":309,"column":null}},"15":{"start":{"line":299,"column":14},"end":{"line":308,"column":4}},"16":{"start":{"line":309,"column":2},"end":{"line":309,"column":null}},"17":{"start":{"line":309,"column":15},"end":{"line":309,"column":null}},"18":{"start":{"line":325,"column":15},"end":{"line":325,"column":null}},"19":{"start":{"line":419,"column":8},"end":{"line":419,"column":42}},"20":{"start":{"line":420,"column":14},"end":{"line":420,"column":39}},"21":{"start":{"line":421,"column":2},"end":{"line":429,"column":null}},"22":{"start":{"line":422,"column":15},"end":{"line":422,"column":28}},"23":{"start":{"line":422,"column":28},"end":{"line":422,"column":null}},"24":{"start":{"line":422,"column":37},"end":{"line":422,"column":null}},"25":{"start":{"line":423,"column":16},"end":{"line":425,"column":null}},"26":{"start":{"line":424,"column":17},"end":{"line":424,"column":null}},"27":{"start":{"line":424,"column":41},"end":{"line":424,"column":55}},"28":{"start":{"line":424,"column":55},"end":{"line":424,"column":null}},"29":{"start":{"line":427,"column":4},"end":{"line":427,"column":null}},"30":{"start":{"line":428,"column":4},"end":{"line":428,"column":null}},"31":{"start":{"line":428,"column":17},"end":{"line":428,"column":33}},"32":{"start":{"line":430,"column":2},"end":{"line":430,"column":null}},"33":{"start":{"line":436,"column":6},"end":{"line":458,"column":null}},"34":{"start":{"line":437,"column":2},"end":{"line":458,"column":null}},"35":{"start":{"line":463,"column":6},"end":{"line":958,"column":null}},"36":{"start":{"line":464,"column":10},"end":{"line":464,"column":31}},"37":{"start":{"line":465,"column":2},"end":{"line":468,"column":null}},"38":{"start":{"line":470,"column":8},"end":{"line":470,"column":32}},"39":{"start":{"line":471,"column":15},"end":{"line":471,"column":90}},"40":{"start":{"line":472,"column":17},"end":{"line":472,"column":87}},"41":{"start":{"line":473,"column":15},"end":{"line":473,"column":65}},"42":{"start":{"line":474,"column":18},"end":{"line":474,"column":34}},"43":{"start":{"line":475,"column":18},"end":{"line":475,"column":34}},"44":{"start":{"line":477,"column":2},"end":{"line":499,"column":null}},"45":{"start":{"line":479,"column":4},"end":{"line":483,"column":null}},"46":{"start":{"line":480,"column":18},"end":{"line":480,"column":49}},"47":{"start":{"line":481,"column":6},"end":{"line":481,"column":null}},"48":{"start":{"line":482,"column":6},"end":{"line":482,"column":null}},"49":{"start":{"line":483,"column":6},"end":{"line":483,"column":null}},"50":{"start":{"line":488,"column":22},"end":{"line":488,"column":53}},"51":{"start":{"line":489,"column":4},"end":{"line":489,"column":null}},"52":{"start":{"line":490,"column":21},"end":{"line":490,"column":61}},"53":{"start":{"line":491,"column":4},"end":{"line":491,"column":null}},"54":{"start":{"line":491,"column":18},"end":{"line":491,"column":null}},"55":{"start":{"line":492,"column":4},"end":{"line":494,"column":null}},"56":{"start":{"line":496,"column":4},"end":{"line":496,"column":null}},"57":{"start":{"line":498,"column":4},"end":{"line":498,"column":null}},"58":{"start":{"line":501,"column":8},"end":{"line":502,"column":61}},"59":{"start":{"line":502,"column":4},"end":{"line":502,"column":61}},"60":{"start":{"line":502,"column":18},"end":{"line":502,"column":61}},"61":{"start":{"line":504,"column":23},"end":{"line":526,"column":null}},"62":{"start":{"line":505,"column":4},"end":{"line":505,"column":null}},"63":{"start":{"line":506,"column":4},"end":{"line":506,"column":null}},"64":{"start":{"line":506,"column":51},"end":{"line":506,"column":null}},"65":{"start":{"line":507,"column":4},"end":{"line":507,"column":null}},"66":{"start":{"line":508,"column":4},"end":{"line":526,"column":null}},"67":{"start":{"line":509,"column":6},"end":{"line":514,"column":null}},"68":{"start":{"line":515,"column":6},"end":{"line":515,"column":null}},"69":{"start":{"line":516,"column":6},"end":{"line":516,"column":null}},"70":{"start":{"line":517,"column":19},"end":{"line":517,"column":null}},"71":{"start":{"line":518,"column":6},"end":{"line":522,"column":null}},"72":{"start":{"line":523,"column":6},"end":{"line":523,"column":null}},"73":{"start":{"line":523,"column":23},"end":{"line":523,"column":40}},"74":{"start":{"line":525,"column":6},"end":{"line":525,"column":null}},"75":{"start":{"line":526,"column":6},"end":{"line":526,"column":null}},"76":{"start":{"line":526,"column":23},"end":{"line":526,"column":40}},"77":{"start":{"line":531,"column":16},"end":{"line":531,"column":null}},"78":{"start":{"line":532,"column":16},"end":{"line":532,"column":null}},"79":{"start":{"line":533,"column":16},"end":{"line":533,"column":null}},"80":{"start":{"line":537,"column":22},"end":{"line":537,"column":null}},"81":{"start":{"line":538,"column":22},"end":{"line":538,"column":null}},"82":{"start":{"line":540,"column":41},"end":{"line":548,"column":null}},"83":{"start":{"line":553,"column":19},"end":{"line":556,"column":null}},"84":{"start":{"line":560,"column":18},"end":{"line":566,"column":null}},"85":{"start":{"line":569,"column":22},"end":{"line":569,"column":null}},"86":{"start":{"line":571,"column":2},"end":{"line":958,"column":null}},"87":{"start":{"line":644,"column":10},"end":{"line":651,"column":null}},"88":{"start":{"line":747,"column":16},"end":{"line":798,"column":null}},"89":{"start":{"line":752,"column":21},"end":{"line":754,"column":null}},"90":{"start":{"line":757,"column":21},"end":{"line":757,"column":null}},"91":{"start":{"line":788,"column":45},"end":{"line":788,"column":null}},"92":{"start":{"line":789,"column":45},"end":{"line":789,"column":null}},"93":{"start":{"line":937,"column":20},"end":{"line":939,"column":null}},"94":{"start":{"line":938,"column":23},"end":{"line":939,"column":null}},"95":{"start":{"line":942,"column":21},"end":{"line":943,"column":null}}},"fnMap":{"0":{"name":"(anonymous_0)","decl":{"start":{"line":272,"column":29},"end":{"line":272,"column":67}},"loc":{"start":{"line":272,"column":67},"end":{"line":290,"column":null}},"line":272},"1":{"name":"(anonymous_1)","decl":{"start":{"line":280,"column":7},"end":{"line":280,"column":15}},"loc":{"start":{"line":280,"column":20},"end":{"line":280,"column":null}},"line":280},"2":{"name":"(anonymous_2)","decl":{"start":{"line":293,"column":20},"end":{"line":293,"column":27}},"loc":{"start":{"line":298,"column":6},"end":{"line":309,"column":null}},"line":298},"3":{"name":"useVisible","decl":{"start":{"line":418,"column":9},"end":{"line":418,"column":20}},"loc":{"start":{"line":418,"column":38},"end":{"line":430,"column":null}},"line":418},"4":{"name":"(anonymous_4)","decl":{"start":{"line":421,"column":2},"end":{"line":421,"column":18}},"loc":{"start":{"line":421,"column":18},"end":{"line":429,"column":7}},"line":421},"5":{"name":"(anonymous_5)","decl":{"start":{"line":423,"column":20},"end":{"line":423,"column":null}},"loc":{"start":{"line":424,"column":15},"end":{"line":425,"column":8}},"line":424},"6":{"name":"(anonymous_6)","decl":{"start":{"line":428,"column":4},"end":{"line":428,"column":17}},"loc":{"start":{"line":428,"column":17},"end":{"line":428,"column":33}},"line":428},"7":{"name":"(anonymous_7)","decl":{"start":{"line":436,"column":6},"end":{"line":436,"column":66}},"loc":{"start":{"line":437,"column":2},"end":{"line":458,"column":null}},"line":437},"8":{"name":"(anonymous_8)","decl":{"start":{"line":463,"column":6},"end":{"line":463,"column":36}},"loc":{"start":{"line":463,"column":36},"end":{"line":958,"column":null}},"line":463},"9":{"name":"(anonymous_9)","decl":{"start":{"line":477,"column":2},"end":{"line":477,"column":18}},"loc":{"start":{"line":477,"column":18},"end":{"line":499,"column":7}},"line":477},"10":{"name":"(anonymous_10)","decl":{"start":{"line":498,"column":41},"end":{"line":498,"column":53}},"loc":{"start":{"line":498,"column":53},"end":{"line":498,"column":56}},"line":498},"11":{"name":"(anonymous_11)","decl":{"start":{"line":501,"column":8},"end":{"line":501,"column":24}},"loc":{"start":{"line":502,"column":4},"end":{"line":502,"column":61}},"line":502},"12":{"name":"(anonymous_12)","decl":{"start":{"line":502,"column":4},"end":{"line":502,"column":12}},"loc":{"start":{"line":502,"column":18},"end":{"line":502,"column":61}},"line":502},"13":{"name":"(anonymous_13)","decl":{"start":{"line":504,"column":23},"end":{"line":504,"column":30}},"loc":{"start":{"line":504,"column":53},"end":{"line":526,"column":null}},"line":504},"14":{"name":"(anonymous_14)","decl":{"start":{"line":523,"column":6},"end":{"line":523,"column":23}},"loc":{"start":{"line":523,"column":23},"end":{"line":523,"column":40}},"line":523},"15":{"name":"(anonymous_15)","decl":{"start":{"line":526,"column":6},"end":{"line":526,"column":23}},"loc":{"start":{"line":526,"column":23},"end":{"line":526,"column":40}},"line":526},"16":{"name":"(anonymous_16)","decl":{"start":{"line":643,"column":25},"end":{"line":643,"column":30}},"loc":{"start":{"line":644,"column":10},"end":{"line":651,"column":null}},"line":644},"17":{"name":"(anonymous_17)","decl":{"start":{"line":746,"column":23},"end":{"line":746,"column":28}},"loc":{"start":{"line":747,"column":16},"end":{"line":798,"column":null}},"line":747},"18":{"name":"(anonymous_18)","decl":{"start":{"line":751,"column":18},"end":{"line":751,"column":32}},"loc":{"start":{"line":751,"column":37},"end":{"line":754,"column":null}},"line":751},"19":{"name":"(anonymous_19)","decl":{"start":{"line":756,"column":18},"end":{"line":756,"column":32}},"loc":{"start":{"line":756,"column":37},"end":{"line":757,"column":null}},"line":756},"20":{"name":"(anonymous_20)","decl":{"start":{"line":788,"column":26},"end":{"line":788,"column":40}},"loc":{"start":{"line":788,"column":45},"end":{"line":788,"column":null}},"line":788},"21":{"name":"(anonymous_21)","decl":{"start":{"line":789,"column":26},"end":{"line":789,"column":40}},"loc":{"start":{"line":789,"column":45},"end":{"line":789,"column":null}},"line":789},"22":{"name":"(anonymous_22)","decl":{"start":{"line":936,"column":18},"end":{"line":936,"column":32}},"loc":{"start":{"line":936,"column":37},"end":{"line":939,"column":null}},"line":936},"23":{"name":"(anonymous_23)","decl":{"start":{"line":941,"column":18},"end":{"line":941,"column":32}},"loc":{"start":{"line":941,"column":37},"end":{"line":943,"column":null}},"line":941}},"branchMap":{"0":{"loc":{"start":{"line":277,"column":2},"end":{"line":277,"column":null}},"type":"if","locations":[{"start":{"line":277,"column":2},"end":{"line":277,"column":null}},{"start":{},"end":{}}],"line":277},"1":{"loc":{"start":{"line":280,"column":22},"end":{"line":280,"column":68}},"type":"if","locations":[{"start":{"line":280,"column":22},"end":{"line":280,"column":68}},{"start":{},"end":{}}],"line":280},"2":{"loc":{"start":{"line":280,"column":26},"end":{"line":280,"column":44}},"type":"binary-expr","locations":[{"start":{"line":280,"column":26},"end":{"line":280,"column":35}},{"start":{"line":280,"column":35},"end":{"line":280,"column":44}}],"line":280},"3":{"loc":{"start":{"line":282,"column":22},"end":{"line":282,"column":null}},"type":"binary-expr","locations":[{"start":{"line":282,"column":22},"end":{"line":282,"column":49}},{"start":{"line":282,"column":49},"end":{"line":282,"column":null}}],"line":282},"4":{"loc":{"start":{"line":283,"column":22},"end":{"line":283,"column":null}},"type":"binary-expr","locations":[{"start":{"line":283,"column":22},"end":{"line":283,"column":49}},{"start":{"line":283,"column":49},"end":{"line":283,"column":null}}],"line":283},"5":{"loc":{"start":{"line":284,"column":22},"end":{"line":284,"column":null}},"type":"binary-expr","locations":[{"start":{"line":284,"column":22},"end":{"line":284,"column":49}},{"start":{"line":284,"column":49},"end":{"line":284,"column":null}}],"line":284},"6":{"loc":{"start":{"line":285,"column":22},"end":{"line":285,"column":null}},"type":"binary-expr","locations":[{"start":{"line":285,"column":22},"end":{"line":285,"column":49}},{"start":{"line":285,"column":49},"end":{"line":285,"column":null}}],"line":285},"7":{"loc":{"start":{"line":286,"column":22},"end":{"line":286,"column":null}},"type":"binary-expr","locations":[{"start":{"line":286,"column":22},"end":{"line":286,"column":49}},{"start":{"line":286,"column":49},"end":{"line":286,"column":null}}],"line":286},"8":{"loc":{"start":{"line":287,"column":22},"end":{"line":287,"column":null}},"type":"binary-expr","locations":[{"start":{"line":287,"column":22},"end":{"line":287,"column":49}},{"start":{"line":287,"column":49},"end":{"line":287,"column":null}}],"line":287},"9":{"loc":{"start":{"line":288,"column":22},"end":{"line":288,"column":null}},"type":"binary-expr","locations":[{"start":{"line":288,"column":22},"end":{"line":288,"column":49}},{"start":{"line":288,"column":49},"end":{"line":288,"column":null}}],"line":288},"10":{"loc":{"start":{"line":289,"column":22},"end":{"line":289,"column":null}},"type":"binary-expr","locations":[{"start":{"line":289,"column":22},"end":{"line":289,"column":49}},{"start":{"line":289,"column":49},"end":{"line":289,"column":null}}],"line":289},"11":{"loc":{"start":{"line":307,"column":52},"end":{"line":307,"column":82}},"type":"binary-expr","locations":[{"start":{"line":307,"column":52},"end":{"line":307,"column":75}},{"start":{"line":307,"column":75},"end":{"line":307,"column":82}}],"line":307},"12":{"loc":{"start":{"line":309,"column":2},"end":{"line":309,"column":null}},"type":"if","locations":[{"start":{"line":309,"column":2},"end":{"line":309,"column":null}},{"start":{},"end":{}}],"line":309},"13":{"loc":{"start":{"line":418,"column":20},"end":{"line":418,"column":38}},"type":"default-arg","locations":[{"start":{"line":418,"column":32},"end":{"line":418,"column":38}}],"line":418},"14":{"loc":{"start":{"line":422,"column":28},"end":{"line":422,"column":null}},"type":"if","locations":[{"start":{"line":422,"column":28},"end":{"line":422,"column":null}},{"start":{},"end":{}}],"line":422},"15":{"loc":{"start":{"line":424,"column":17},"end":{"line":424,"column":null}},"type":"if","locations":[{"start":{"line":424,"column":17},"end":{"line":424,"column":null}},{"start":{},"end":{}}],"line":424},"16":{"loc":{"start":{"line":479,"column":4},"end":{"line":483,"column":null}},"type":"if","locations":[{"start":{"line":479,"column":4},"end":{"line":483,"column":null}},{"start":{},"end":{}}],"line":479},"17":{"loc":{"start":{"line":491,"column":4},"end":{"line":491,"column":null}},"type":"if","locations":[{"start":{"line":491,"column":4},"end":{"line":491,"column":null}},{"start":{},"end":{}}],"line":491},"18":{"loc":{"start":{"line":506,"column":4},"end":{"line":506,"column":null}},"type":"if","locations":[{"start":{"line":506,"column":4},"end":{"line":506,"column":null}},{"start":{},"end":{}}],"line":506},"19":{"loc":{"start":{"line":506,"column":8},"end":{"line":506,"column":49}},"type":"binary-expr","locations":[{"start":{"line":506,"column":8},"end":{"line":506,"column":25}},{"start":{"line":506,"column":29},"end":{"line":506,"column":49}}],"line":506},"20":{"loc":{"start":{"line":531,"column":16},"end":{"line":531,"column":null}},"type":"cond-expr","locations":[{"start":{"line":531,"column":25},"end":{"line":531,"column":44}},{"start":{"line":531,"column":44},"end":{"line":531,"column":null}}],"line":531},"21":{"loc":{"start":{"line":532,"column":16},"end":{"line":532,"column":null}},"type":"cond-expr","locations":[{"start":{"line":532,"column":25},"end":{"line":532,"column":45}},{"start":{"line":532,"column":45},"end":{"line":532,"column":null}}],"line":532},"22":{"loc":{"start":{"line":533,"column":16},"end":{"line":533,"column":null}},"type":"cond-expr","locations":[{"start":{"line":533,"column":25},"end":{"line":533,"column":45}},{"start":{"line":533,"column":45},"end":{"line":533,"column":null}}],"line":533},"23":{"loc":{"start":{"line":541,"column":18},"end":{"line":541,"column":null}},"type":"cond-expr","locations":[{"start":{"line":541,"column":27},"end":{"line":541,"column":40}},{"start":{"line":541,"column":40},"end":{"line":541,"column":null}}],"line":541},"24":{"loc":{"start":{"line":542,"column":31},"end":{"line":542,"column":null}},"type":"cond-expr","locations":[{"start":{"line":542,"column":40},"end":{"line":542,"column":64}},{"start":{"line":542,"column":64},"end":{"line":542,"column":null}}],"line":542},"25":{"loc":{"start":{"line":544,"column":18},"end":{"line":546,"column":null}},"type":"cond-expr","locations":[{"start":{"line":545,"column":8},"end":{"line":545,"column":null}},{"start":{"line":546,"column":8},"end":{"line":546,"column":null}}],"line":544},"26":{"loc":{"start":{"line":554,"column":4},"end":{"line":556,"column":null}},"type":"cond-expr","locations":[{"start":{"line":555,"column":8},"end":{"line":555,"column":null}},{"start":{"line":556,"column":8},"end":{"line":556,"column":null}}],"line":554},"27":{"loc":{"start":{"line":565,"column":84},"end":{"line":565,"column":null}},"type":"cond-expr","locations":[{"start":{"line":565,"column":112},"end":{"line":565,"column":132}},{"start":{"line":565,"column":132},"end":{"line":565,"column":null}}],"line":565},"28":{"loc":{"start":{"line":569,"column":22},"end":{"line":569,"column":null}},"type":"cond-expr","locations":[{"start":{"line":569,"column":31},"end":{"line":569,"column":55}},{"start":{"line":569,"column":55},"end":{"line":569,"column":null}}],"line":569},"29":{"loc":{"start":{"line":664,"column":25},"end":{"line":664,"column":null}},"type":"cond-expr","locations":[{"start":{"line":664,"column":39},"end":{"line":664,"column":43}},{"start":{"line":664,"column":43},"end":{"line":664,"column":null}}],"line":664},"30":{"loc":{"start":{"line":665,"column":25},"end":{"line":665,"column":null}},"type":"cond-expr","locations":[{"start":{"line":665,"column":39},"end":{"line":665,"column":57}},{"start":{"line":665,"column":57},"end":{"line":665,"column":null}}],"line":665},"31":{"loc":{"start":{"line":677,"column":25},"end":{"line":677,"column":null}},"type":"cond-expr","locations":[{"start":{"line":677,"column":39},"end":{"line":677,"column":43}},{"start":{"line":677,"column":43},"end":{"line":677,"column":null}}],"line":677},"32":{"loc":{"start":{"line":678,"column":25},"end":{"line":678,"column":null}},"type":"cond-expr","locations":[{"start":{"line":678,"column":39},"end":{"line":678,"column":57}},{"start":{"line":678,"column":57},"end":{"line":678,"column":null}}],"line":678},"33":{"loc":{"start":{"line":687,"column":23},"end":{"line":687,"column":null}},"type":"cond-expr","locations":[{"start":{"line":687,"column":37},"end":{"line":687,"column":41}},{"start":{"line":687,"column":41},"end":{"line":687,"column":null}}],"line":687},"34":{"loc":{"start":{"line":694,"column":27},"end":{"line":694,"column":null}},"type":"cond-expr","locations":[{"start":{"line":694,"column":41},"end":{"line":694,"column":78}},{"start":{"line":694,"column":78},"end":{"line":694,"column":null}}],"line":694},"35":{"loc":{"start":{"line":706,"column":27},"end":{"line":706,"column":null}},"type":"cond-expr","locations":[{"start":{"line":706,"column":41},"end":{"line":706,"column":78}},{"start":{"line":706,"column":78},"end":{"line":706,"column":null}}],"line":706},"36":{"loc":{"start":{"line":714,"column":25},"end":{"line":714,"column":null}},"type":"cond-expr","locations":[{"start":{"line":714,"column":39},"end":{"line":714,"column":43}},{"start":{"line":714,"column":43},"end":{"line":714,"column":null}}],"line":714},"37":{"loc":{"start":{"line":715,"column":25},"end":{"line":715,"column":null}},"type":"cond-expr","locations":[{"start":{"line":715,"column":39},"end":{"line":715,"column":57}},{"start":{"line":715,"column":57},"end":{"line":715,"column":null}}],"line":715},"38":{"loc":{"start":{"line":729,"column":42},"end":{"line":729,"column":76}},"type":"cond-expr","locations":[{"start":{"line":729,"column":56},"end":{"line":729,"column":61}},{"start":{"line":729,"column":61},"end":{"line":729,"column":76}}],"line":729},"39":{"loc":{"start":{"line":739,"column":37},"end":{"line":739,"column":58}},"type":"cond-expr","locations":[{"start":{"line":739,"column":51},"end":{"line":739,"column":55}},{"start":{"line":739,"column":55},"end":{"line":739,"column":58}}],"line":739},"40":{"loc":{"start":{"line":752,"column":75},"end":{"line":754,"column":null}},"type":"cond-expr","locations":[{"start":{"line":753,"column":24},"end":{"line":753,"column":null}},{"start":{"line":754,"column":24},"end":{"line":754,"column":null}}],"line":752},"41":{"loc":{"start":{"line":781,"column":23},"end":{"line":796,"column":null}},"type":"cond-expr","locations":[{"start":{"line":782,"column":24},"end":{"line":794,"column":25}},{"start":{"line":794,"column":24},"end":{"line":796,"column":null}}],"line":781},"42":{"loc":{"start":{"line":784,"column":34},"end":{"line":784,"column":null}},"type":"cond-expr","locations":[{"start":{"line":784,"column":60},"end":{"line":784,"column":71}},{"start":{"line":784,"column":71},"end":{"line":784,"column":null}}],"line":784},"43":{"loc":{"start":{"line":827,"column":43},"end":{"line":827,"column":77}},"type":"cond-expr","locations":[{"start":{"line":827,"column":57},"end":{"line":827,"column":62}},{"start":{"line":827,"column":62},"end":{"line":827,"column":77}}],"line":827},"44":{"loc":{"start":{"line":837,"column":37},"end":{"line":837,"column":58}},"type":"cond-expr","locations":[{"start":{"line":837,"column":51},"end":{"line":837,"column":55}},{"start":{"line":837,"column":55},"end":{"line":837,"column":58}}],"line":837},"45":{"loc":{"start":{"line":845,"column":37},"end":{"line":845,"column":56}},"type":"cond-expr","locations":[{"start":{"line":845,"column":51},"end":{"line":845,"column":53}},{"start":{"line":845,"column":53},"end":{"line":845,"column":56}}],"line":845},"46":{"loc":{"start":{"line":845,"column":67},"end":{"line":845,"column":117}},"type":"cond-expr","locations":[{"start":{"line":845,"column":81},"end":{"line":845,"column":97}},{"start":{"line":845,"column":97},"end":{"line":845,"column":117}}],"line":845},"47":{"loc":{"start":{"line":860,"column":37},"end":{"line":860,"column":56}},"type":"cond-expr","locations":[{"start":{"line":860,"column":51},"end":{"line":860,"column":53}},{"start":{"line":860,"column":53},"end":{"line":860,"column":56}}],"line":860},"48":{"loc":{"start":{"line":860,"column":67},"end":{"line":860,"column":117}},"type":"cond-expr","locations":[{"start":{"line":860,"column":81},"end":{"line":860,"column":97}},{"start":{"line":860,"column":97},"end":{"line":860,"column":117}}],"line":860},"49":{"loc":{"start":{"line":875,"column":37},"end":{"line":875,"column":56}},"type":"cond-expr","locations":[{"start":{"line":875,"column":51},"end":{"line":875,"column":53}},{"start":{"line":875,"column":53},"end":{"line":875,"column":56}}],"line":875},"50":{"loc":{"start":{"line":875,"column":67},"end":{"line":875,"column":117}},"type":"cond-expr","locations":[{"start":{"line":875,"column":81},"end":{"line":875,"column":97}},{"start":{"line":875,"column":97},"end":{"line":875,"column":117}}],"line":875},"51":{"loc":{"start":{"line":890,"column":37},"end":{"line":890,"column":56}},"type":"cond-expr","locations":[{"start":{"line":890,"column":51},"end":{"line":890,"column":53}},{"start":{"line":890,"column":53},"end":{"line":890,"column":56}}],"line":890},"52":{"loc":{"start":{"line":890,"column":67},"end":{"line":890,"column":117}},"type":"cond-expr","locations":[{"start":{"line":890,"column":81},"end":{"line":890,"column":97}},{"start":{"line":890,"column":97},"end":{"line":890,"column":117}}],"line":890},"53":{"loc":{"start":{"line":905,"column":15},"end":{"line":910,"column":null}},"type":"binary-expr","locations":[{"start":{"line":905,"column":15},"end":{"line":905,"column":null}},{"start":{"line":906,"column":16},"end":{"line":910,"column":null}}],"line":905},"54":{"loc":{"start":{"line":913,"column":15},"end":{"line":918,"column":null}},"type":"binary-expr","locations":[{"start":{"line":913,"column":15},"end":{"line":913,"column":null}},{"start":{"line":914,"column":16},"end":{"line":918,"column":null}}],"line":913},"55":{"loc":{"start":{"line":923,"column":37},"end":{"line":923,"column":56}},"type":"cond-expr","locations":[{"start":{"line":923,"column":51},"end":{"line":923,"column":53}},{"start":{"line":923,"column":53},"end":{"line":923,"column":56}}],"line":923},"56":{"loc":{"start":{"line":923,"column":67},"end":{"line":923,"column":117}},"type":"cond-expr","locations":[{"start":{"line":923,"column":81},"end":{"line":923,"column":97}},{"start":{"line":923,"column":97},"end":{"line":923,"column":117}}],"line":923},"57":{"loc":{"start":{"line":933,"column":35},"end":{"line":933,"column":null}},"type":"cond-expr","locations":[{"start":{"line":933,"column":57},"end":{"line":933,"column":64}},{"start":{"line":933,"column":64},"end":{"line":933,"column":null}}],"line":933},"58":{"loc":{"start":{"line":934,"column":35},"end":{"line":934,"column":null}},"type":"cond-expr","locations":[{"start":{"line":934,"column":57},"end":{"line":934,"column":73}},{"start":{"line":934,"column":73},"end":{"line":934,"column":null}}],"line":934},"59":{"loc":{"start":{"line":937,"column":20},"end":{"line":939,"column":null}},"type":"if","locations":[{"start":{"line":937,"column":20},"end":{"line":939,"column":null}},{"start":{},"end":{}}],"line":937},"60":{"loc":{"start":{"line":947,"column":19},"end":{"line":947,"column":null}},"type":"cond-expr","locations":[{"start":{"line":947,"column":41},"end":{"line":947,"column":54}},{"start":{"line":947,"column":54},"end":{"line":947,"column":null}}],"line":947}},"s":{"0":1,"1":1,"2":1,"3":1,"4":1,"5":0,"6":0,"7":0,"8":0,"9":0,"10":0,"11":0,"12":0,"13":0,"14":1,"15":0,"16":0,"17":0,"18":1,"19":2,"20":2,"21":2,"22":1,"23":1,"24":0,"25":1,"26":0,"27":0,"28":0,"29":1,"30":1,"31":0,"32":2,"33":1,"34":2,"35":1,"36":2,"37":2,"38":2,"39":2,"40":2,"41":2,"42":2,"43":2,"44":2,"45":0,"46":0,"47":0,"48":0,"49":0,"50":0,"51":0,"52":0,"53":0,"54":0,"55":0,"56":0,"57":0,"58":2,"59":0,"60":0,"61":2,"62":0,"63":0,"64":0,"65":0,"66":0,"67":0,"68":0,"69":0,"70":0,"71":0,"72":0,"73":0,"74":0,"75":0,"76":0,"77":2,"78":2,"79":2,"80":2,"81":2,"82":2,"83":2,"84":2,"85":2,"86":2,"87":3,"88":5,"89":0,"90":0,"91":0,"92":0,"93":0,"94":0,"95":0},"f":{"0":0,"1":0,"2":0,"3":2,"4":1,"5":0,"6":0,"7":2,"8":2,"9":0,"10":0,"11":0,"12":0,"13":0,"14":0,"15":0,"16":3,"17":5,"18":0,"19":0,"20":0,"21":0,"22":0,"23":0},"b":{"0":[0,0],"1":[0,0],"2":[0,0],"3":[0,0],"4":[0,0],"5":[0,0],"6":[0,0],"7":[0,0],"8":[0,0],"9":[0,0],"10":[0,0],"11":[0,0],"12":[0,0],"13":[2],"14":[0,1],"15":[0,0],"16":[0,0],"17":[0,0],"18":[0,0],"19":[0,0],"20":[0,1],"21":[0,1],"22":[0,1],"23":[0,1],"24":[0,1],"25":[0,1],"26":[0,1],"27":[0,1],"28":[0,1],"29":[0,1],"30":[0,1],"31":[0,1],"32":[0,1],"33":[0,1],"34":[0,1],"35":[0,1],"36":[0,1],"37":[0,1],"38":[0,1],"39":[0,1],"40":[0,0],"41":[3,2],"42":[1,2],"43":[0,1],"44":[0,1],"45":[0,1],"46":[0,1],"47":[0,1],"48":[0,1],"49":[0,1],"50":[0,1],"51":[0,1],"52":[0,1],"53":[2,0],"54":[2,0],"55":[0,1],"56":[0,1],"57":[0,1],"58":[0,1],"59":[0,0],"60":[0,1]},"meta":{"lastBranch":61,"lastFunction":24,"lastStatement":96,"seen":{"s:26:26:26:Infinity":0,"s:74:20:241:Infinity":1,"s:244:14:244:Infinity":2,"s:261:34:270:Infinity":3,"s:272:29:290:Infinity":4,"f:272:29:272:67":0,"s:273:14:275:Infinity":5,"b:277:2:277:Infinity:undefined:undefined:undefined:undefined":0,"s:277:2:277:Infinity":6,"s:277:15:277:Infinity":7,"s:278:49:278:65":8,"s:279:38:279:40":9,"s:280:2:280:Infinity":10,"f:280:7:280:15":1,"b:280:22:280:68:undefined:undefined:undefined:undefined":1,"s:280:22:280:68":11,"b:280:26:280:35:280:35:280:44":2,"s:280:44:280:68":12,"s:281:2:290:Infinity":13,"b:282:22:282:49:282:49:282:Infinity":3,"b:283:22:283:49:283:49:283:Infinity":4,"b:284:22:284:49:284:49:284:Infinity":5,"b:285:22:285:49:285:49:285:Infinity":6,"b:286:22:286:49:286:49:286:Infinity":7,"b:287:22:287:49:287:49:287:Infinity":8,"b:288:22:288:49:288:49:288:Infinity":9,"b:289:22:289:49:289:49:289:Infinity":10,"s:293:20:309:Infinity":14,"f:293:20:293:27":2,"s:299:14:308:4":15,"b:307:52:307:75:307:75:307:82":11,"b:309:2:309:Infinity:undefined:undefined:undefined:undefined":12,"s:309:2:309:Infinity":16,"s:309:15:309:Infinity":17,"s:325:15:325:Infinity":18,"f:418:9:418:20":3,"b:418:32:418:38":13,"s:419:8:419:42":19,"s:420:14:420:39":20,"s:421:2:429:Infinity":21,"f:421:2:421:18":4,"s:422:15:422:28":22,"b:422:28:422:Infinity:undefined:undefined:undefined:undefined":14,"s:422:28:422:Infinity":23,"s:422:37:422:Infinity":24,"s:423:16:425:Infinity":25,"f:423:20:423:Infinity":5,"b:424:17:424:Infinity:undefined:undefined:undefined:undefined":15,"s:424:17:424:Infinity":26,"s:424:41:424:55":27,"s:424:55:424:Infinity":28,"s:427:4:427:Infinity":29,"s:428:4:428:Infinity":30,"f:428:4:428:17":6,"s:428:17:428:33":31,"s:430:2:430:Infinity":32,"s:436:6:458:Infinity":33,"f:436:6:436:66":7,"s:437:2:458:Infinity":34,"s:463:6:958:Infinity":35,"f:463:6:463:36":8,"s:464:10:464:31":36,"s:465:2:468:Infinity":37,"s:470:8:470:32":38,"s:471:15:471:90":39,"s:472:17:472:87":40,"s:473:15:473:65":41,"s:474:18:474:34":42,"s:475:18:475:34":43,"s:477:2:499:Infinity":44,"f:477:2:477:18":9,"b:479:4:483:Infinity:undefined:undefined:undefined:undefined":16,"s:479:4:483:Infinity":45,"s:480:18:480:49":46,"s:481:6:481:Infinity":47,"s:482:6:482:Infinity":48,"s:483:6:483:Infinity":49,"s:488:22:488:53":50,"s:489:4:489:Infinity":51,"s:490:21:490:61":52,"b:491:4:491:Infinity:undefined:undefined:undefined:undefined":17,"s:491:4:491:Infinity":53,"s:491:18:491:Infinity":54,"s:492:4:494:Infinity":55,"s:496:4:496:Infinity":56,"s:498:4:498:Infinity":57,"f:498:41:498:53":10,"s:501:8:502:61":58,"f:501:8:501:24":11,"s:502:4:502:61":59,"f:502:4:502:12":12,"s:502:18:502:61":60,"s:504:23:526:Infinity":61,"f:504:23:504:30":13,"s:505:4:505:Infinity":62,"b:506:4:506:Infinity:undefined:undefined:undefined:undefined":18,"s:506:4:506:Infinity":63,"b:506:8:506:25:506:29:506:49":19,"s:506:51:506:Infinity":64,"s:507:4:507:Infinity":65,"s:508:4:526:Infinity":66,"s:509:6:514:Infinity":67,"s:515:6:515:Infinity":68,"s:516:6:516:Infinity":69,"s:517:19:517:Infinity":70,"s:518:6:522:Infinity":71,"s:523:6:523:Infinity":72,"f:523:6:523:23":14,"s:523:23:523:40":73,"s:525:6:525:Infinity":74,"s:526:6:526:Infinity":75,"f:526:6:526:23":15,"s:526:23:526:40":76,"s:531:16:531:Infinity":77,"b:531:25:531:44:531:44:531:Infinity":20,"s:532:16:532:Infinity":78,"b:532:25:532:45:532:45:532:Infinity":21,"s:533:16:533:Infinity":79,"b:533:25:533:45:533:45:533:Infinity":22,"s:537:22:537:Infinity":80,"s:538:22:538:Infinity":81,"s:540:41:548:Infinity":82,"b:541:27:541:40:541:40:541:Infinity":23,"b:542:40:542:64:542:64:542:Infinity":24,"b:545:8:545:Infinity:546:8:546:Infinity":25,"s:553:19:556:Infinity":83,"b:555:8:555:Infinity:556:8:556:Infinity":26,"s:560:18:566:Infinity":84,"b:565:112:565:132:565:132:565:Infinity":27,"s:569:22:569:Infinity":85,"b:569:31:569:55:569:55:569:Infinity":28,"s:571:2:958:Infinity":86,"f:643:25:643:30":16,"s:644:10:651:Infinity":87,"b:664:39:664:43:664:43:664:Infinity":29,"b:665:39:665:57:665:57:665:Infinity":30,"b:677:39:677:43:677:43:677:Infinity":31,"b:678:39:678:57:678:57:678:Infinity":32,"b:687:37:687:41:687:41:687:Infinity":33,"b:694:41:694:78:694:78:694:Infinity":34,"b:706:41:706:78:706:78:706:Infinity":35,"b:714:39:714:43:714:43:714:Infinity":36,"b:715:39:715:57:715:57:715:Infinity":37,"b:729:56:729:61:729:61:729:76":38,"b:739:51:739:55:739:55:739:58":39,"f:746:23:746:28":17,"s:747:16:798:Infinity":88,"f:751:18:751:32":18,"s:752:21:754:Infinity":89,"b:753:24:753:Infinity:754:24:754:Infinity":40,"f:756:18:756:32":19,"s:757:21:757:Infinity":90,"b:782:24:794:25:794:24:796:Infinity":41,"b:784:60:784:71:784:71:784:Infinity":42,"f:788:26:788:40":20,"s:788:45:788:Infinity":91,"f:789:26:789:40":21,"s:789:45:789:Infinity":92,"b:827:57:827:62:827:62:827:77":43,"b:837:51:837:55:837:55:837:58":44,"b:845:51:845:53:845:53:845:56":45,"b:845:81:845:97:845:97:845:117":46,"b:860:51:860:53:860:53:860:56":47,"b:860:81:860:97:860:97:860:117":48,"b:875:51:875:53:875:53:875:56":49,"b:875:81:875:97:875:97:875:117":50,"b:890:51:890:53:890:53:890:56":51,"b:890:81:890:97:890:97:890:117":52,"b:905:15:905:Infinity:906:16:910:Infinity":53,"b:913:15:913:Infinity:914:16:918:Infinity":54,"b:923:51:923:53:923:53:923:56":55,"b:923:81:923:97:923:97:923:117":56,"b:933:57:933:64:933:64:933:Infinity":57,"b:934:57:934:73:934:73:934:Infinity":58,"f:936:18:936:32":22,"b:937:20:939:Infinity:undefined:undefined:undefined:undefined":59,"s:937:20:939:Infinity":93,"s:938:23:939:Infinity":94,"f:941:18:941:32":23,"s:942:21:943:Infinity":95,"b:947:41:947:54:947:54:947:Infinity":60}}}
}
