TN:
SF:src\pages\ContactPage.tsx
FN:272,(anonymous_0)
FN:280,(anonymous_1)
FN:293,(anonymous_2)
FN:418,useVisible
FN:421,(anonymous_4)
FN:423,(anonymous_5)
FN:428,(anonymous_6)
FN:436,(anonymous_7)
FN:463,(anonymous_8)
FN:477,(anonymous_9)
FN:498,(anonymous_10)
FN:501,(anonymous_11)
FN:502,(anonymous_12)
FN:504,(anonymous_13)
FN:523,(anonymous_14)
FN:526,(anonymous_15)
FN:643,(anonymous_16)
FN:746,(anonymous_17)
FN:751,(anonymous_18)
FN:756,(anonymous_19)
FN:788,(anonymous_20)
FN:789,(anonymous_21)
FN:936,(anonymous_22)
FN:941,(anonymous_23)
FNF:24
FNH:6
FNDA:0,(anonymous_0)
FNDA:0,(anonymous_1)
FNDA:0,(anonymous_2)
FNDA:2,useVisible
FNDA:1,(anonymous_4)
FNDA:0,(anonymous_5)
FNDA:0,(anonymous_6)
FNDA:2,(anonymous_7)
FNDA:2,(anonymous_8)
FNDA:0,(anonymous_9)
FNDA:0,(anonymous_10)
FNDA:0,(anonymous_11)
FNDA:0,(anonymous_12)
FNDA:0,(anonymous_13)
FNDA:0,(anonymous_14)
FNDA:0,(anonymous_15)
FNDA:3,(anonymous_16)
FNDA:5,(anonymous_17)
FNDA:0,(anonymous_18)
FNDA:0,(anonymous_19)
FNDA:0,(anonymous_20)
FNDA:0,(anonymous_21)
FNDA:0,(anonymous_22)
FNDA:0,(anonymous_23)
DA:26,1
DA:74,1
DA:244,1
DA:261,1
DA:272,1
DA:273,0
DA:277,0
DA:278,0
DA:279,0
DA:280,0
DA:281,0
DA:293,1
DA:299,0
DA:309,0
DA:325,1
DA:419,2
DA:420,2
DA:421,2
DA:422,1
DA:423,1
DA:424,0
DA:427,1
DA:428,1
DA:430,2
DA:436,1
DA:437,2
DA:463,1
DA:464,2
DA:465,2
DA:470,2
DA:471,2
DA:472,2
DA:473,2
DA:474,2
DA:475,2
DA:477,2
DA:479,0
DA:480,0
DA:481,0
DA:482,0
DA:483,0
DA:488,0
DA:489,0
DA:490,0
DA:491,0
DA:492,0
DA:496,0
DA:498,0
DA:501,2
DA:502,0
DA:504,2
DA:505,0
DA:506,0
DA:507,0
DA:508,0
DA:509,0
DA:515,0
DA:516,0
DA:517,0
DA:518,0
DA:523,0
DA:525,0
DA:526,0
DA:531,2
DA:532,2
DA:533,2
DA:537,2
DA:538,2
DA:540,2
DA:553,2
DA:560,2
DA:569,2
DA:571,2
DA:644,3
DA:747,5
DA:752,0
DA:757,0
DA:788,0
DA:789,0
DA:937,0
DA:938,0
DA:942,0
LF:82
LH:41
BRDA:277,0,0,0
BRDA:277,0,1,0
BRDA:280,1,0,0
BRDA:280,1,1,0
BRDA:280,2,0,0
BRDA:280,2,1,0
BRDA:282,3,0,0
BRDA:282,3,1,0
BRDA:283,4,0,0
BRDA:283,4,1,0
BRDA:284,5,0,0
BRDA:284,5,1,0
BRDA:285,6,0,0
BRDA:285,6,1,0
BRDA:286,7,0,0
BRDA:286,7,1,0
BRDA:287,8,0,0
BRDA:287,8,1,0
BRDA:288,9,0,0
BRDA:288,9,1,0
BRDA:289,10,0,0
BRDA:289,10,1,0
BRDA:307,11,0,0
BRDA:307,11,1,0
BRDA:309,12,0,0
BRDA:309,12,1,0
BRDA:418,13,0,2
BRDA:422,14,0,0
BRDA:422,14,1,1
BRDA:424,15,0,0
BRDA:424,15,1,0
BRDA:479,16,0,0
BRDA:479,16,1,0
BRDA:491,17,0,0
BRDA:491,17,1,0
BRDA:506,18,0,0
BRDA:506,18,1,0
BRDA:506,19,0,0
BRDA:506,19,1,0
BRDA:531,20,0,0
BRDA:531,20,1,1
BRDA:532,21,0,0
BRDA:532,21,1,1
BRDA:533,22,0,0
BRDA:533,22,1,1
BRDA:541,23,0,0
BRDA:541,23,1,1
BRDA:542,24,0,0
BRDA:542,24,1,1
BRDA:544,25,0,0
BRDA:544,25,1,1
BRDA:554,26,0,0
BRDA:554,26,1,1
BRDA:565,27,0,0
BRDA:565,27,1,1
BRDA:569,28,0,0
BRDA:569,28,1,1
BRDA:664,29,0,0
BRDA:664,29,1,1
BRDA:665,30,0,0
BRDA:665,30,1,1
BRDA:677,31,0,0
BRDA:677,31,1,1
BRDA:678,32,0,0
BRDA:678,32,1,1
BRDA:687,33,0,0
BRDA:687,33,1,1
BRDA:694,34,0,0
BRDA:694,34,1,1
BRDA:706,35,0,0
BRDA:706,35,1,1
BRDA:714,36,0,0
BRDA:714,36,1,1
BRDA:715,37,0,0
BRDA:715,37,1,1
BRDA:729,38,0,0
BRDA:729,38,1,1
BRDA:739,39,0,0
BRDA:739,39,1,1
BRDA:752,40,0,0
BRDA:752,40,1,0
BRDA:781,41,0,3
BRDA:781,41,1,2
BRDA:784,42,0,1
BRDA:784,42,1,2
BRDA:827,43,0,0
BRDA:827,43,1,1
BRDA:837,44,0,0
BRDA:837,44,1,1
BRDA:845,45,0,0
BRDA:845,45,1,1
BRDA:845,46,0,0
BRDA:845,46,1,1
BRDA:860,47,0,0
BRDA:860,47,1,1
BRDA:860,48,0,0
BRDA:860,48,1,1
BRDA:875,49,0,0
BRDA:875,49,1,1
BRDA:875,50,0,0
BRDA:875,50,1,1
BRDA:890,51,0,0
BRDA:890,51,1,1
BRDA:890,52,0,0
BRDA:890,52,1,1
BRDA:905,53,0,2
BRDA:905,53,1,0
BRDA:913,54,0,2
BRDA:913,54,1,0
BRDA:923,55,0,0
BRDA:923,55,1,1
BRDA:923,56,0,0
BRDA:923,56,1,1
BRDA:933,57,0,0
BRDA:933,57,1,1
BRDA:934,58,0,0
BRDA:934,58,1,1
BRDA:937,59,0,0
BRDA:937,59,1,0
BRDA:947,60,0,0
BRDA:947,60,1,1
BRF:121
BRH:43
end_of_record
